INFO [2019-03-13 11:42:27] [[1]]
INFO [2019-03-13 11:42:27] list(CCLE = unique(!is.na(ccl_info$source_ccl_name)), CTRP = unique(ctrp_auc_long$source_ccl_name), 
INFO [2019-03-13 11:42:27]     GDSC = unique(gdsc_auc_long$source_ccl_name))
INFO [2019-03-13 11:42:27] 
INFO [2019-03-13 11:42:27] $resolution
INFO [2019-03-13 11:42:27] [1] 5000
INFO [2019-03-13 11:42:27] 
INFO [2019-03-13 11:42:27] $main
INFO [2019-03-13 11:42:27] [1] "Overlap of cancer cell lines (CCLs) screened in each dataset"
INFO [2019-03-13 11:42:27] 
INFO [2019-03-13 11:42:27] $main.fontface
INFO [2019-03-13 11:42:27] [1] "bold"
INFO [2019-03-13 11:42:27] 
INFO [2019-03-13 11:42:27] $lty
INFO [2019-03-13 11:42:27] rep("blank", 3)
INFO [2019-03-13 11:42:27] 
INFO [2019-03-13 11:42:27] $fill
INFO [2019-03-13 11:42:27] c("springgreen4", "steelblue4", "turquoise4")
INFO [2019-03-13 11:42:27] 
INFO [2019-03-13 11:42:27] $alpha
INFO [2019-03-13 11:42:27] c(0.5, 0.5, 0.5)
INFO [2019-03-13 11:42:27] 
INFO [2019-03-13 11:42:27] $cat.pos
INFO [2019-03-13 11:42:27] c(-30, 30, 180)
INFO [2019-03-13 11:42:27] 
INFO [2019-03-13 11:42:27] $cat.dist
INFO [2019-03-13 11:42:27] c(0.001, 0.001, 0.001)
INFO [2019-03-13 11:42:27] 
INFO [2019-03-13 11:42:27] $cat.cex
INFO [2019-03-13 11:42:27] [1] 1.5
INFO [2019-03-13 11:42:27] 
INFO [2019-03-13 11:42:27] $cex
INFO [2019-03-13 11:42:27] [1] 1
INFO [2019-03-13 11:42:27] 
INFO [2019-03-13 11:42:27] $filename
INFO [2019-03-13 11:42:27] NULL
INFO [2019-03-13 11:42:27] 
