INFO [2019-03-11 16:19:49] [[1]]
INFO [2019-03-11 16:19:49] list(CCLE = unique(!is.na(ccle_auc_long$source_histology)), CTRP = unique(!is.na(ctrp_auc_long$source_histology)), 
INFO [2019-03-11 16:19:49]     GDSC = unique(!is.na(gdsc_auc_long$source_histology)))
INFO [2019-03-11 16:19:49] 
INFO [2019-03-11 16:19:49] $resolution
INFO [2019-03-11 16:19:49] [1] 5000
INFO [2019-03-11 16:19:49] 
INFO [2019-03-11 16:19:49] $main
INFO [2019-03-11 16:19:49] [1] "Overlap of cancer cell line histologies screened in each dataset"
INFO [2019-03-11 16:19:49] 
INFO [2019-03-11 16:19:49] $main.fontface
INFO [2019-03-11 16:19:49] [1] "bold"
INFO [2019-03-11 16:19:49] 
INFO [2019-03-11 16:19:49] $lty
INFO [2019-03-11 16:19:49] rep("blank", 3)
INFO [2019-03-11 16:19:49] 
INFO [2019-03-11 16:19:49] $fill
INFO [2019-03-11 16:19:49] c("springgreen4", "steelblue4", "turquoise4")
INFO [2019-03-11 16:19:49] 
INFO [2019-03-11 16:19:49] $alpha
INFO [2019-03-11 16:19:49] c(0.5, 0.5, 0.5)
INFO [2019-03-11 16:19:49] 
INFO [2019-03-11 16:19:49] $cat.pos
INFO [2019-03-11 16:19:49] c(-30, 30, 180)
INFO [2019-03-11 16:19:49] 
INFO [2019-03-11 16:19:49] $cat.dist
INFO [2019-03-11 16:19:49] c(0.001, 0.001, 0.001)
INFO [2019-03-11 16:19:49] 
INFO [2019-03-11 16:19:49] $cat.cex
INFO [2019-03-11 16:19:49] [1] 1.5
INFO [2019-03-11 16:19:49] 
INFO [2019-03-11 16:19:49] $cex
INFO [2019-03-11 16:19:49] [1] 1
INFO [2019-03-11 16:19:49] 
INFO [2019-03-11 16:19:49] $filename
INFO [2019-03-11 16:19:49] NULL
INFO [2019-03-11 16:19:49] 
