INFO [2019-03-13 11:45:06] [[1]]
INFO [2019-03-13 11:45:06] list(CCLE = unique(na.omit(ccl_info$source_ccl_name)), CTRP = unique(ctrp_auc_long$source_ccl_name), 
INFO [2019-03-13 11:45:06]     GDSC = unique(gdsc_auc_long$source_ccl_name))
INFO [2019-03-13 11:45:06] 
INFO [2019-03-13 11:45:06] $resolution
INFO [2019-03-13 11:45:06] [1] 5000
INFO [2019-03-13 11:45:06] 
INFO [2019-03-13 11:45:06] $main
INFO [2019-03-13 11:45:06] [1] "Overlap of cancer cell lines (CCLs) screened in each dataset"
INFO [2019-03-13 11:45:06] 
INFO [2019-03-13 11:45:06] $main.fontface
INFO [2019-03-13 11:45:06] [1] "bold"
INFO [2019-03-13 11:45:06] 
INFO [2019-03-13 11:45:06] $lty
INFO [2019-03-13 11:45:06] rep("blank", 3)
INFO [2019-03-13 11:45:06] 
INFO [2019-03-13 11:45:06] $fill
INFO [2019-03-13 11:45:06] c("springgreen4", "steelblue4", "turquoise4")
INFO [2019-03-13 11:45:06] 
INFO [2019-03-13 11:45:06] $alpha
INFO [2019-03-13 11:45:06] c(0.5, 0.5, 0.5)
INFO [2019-03-13 11:45:06] 
INFO [2019-03-13 11:45:06] $cat.pos
INFO [2019-03-13 11:45:06] c(-30, 30, 0)
INFO [2019-03-13 11:45:06] 
INFO [2019-03-13 11:45:06] $cat.dist
INFO [2019-03-13 11:45:06] c(0.015, 0.001, 0.001)
INFO [2019-03-13 11:45:06] 
INFO [2019-03-13 11:45:06] $cat.cex
INFO [2019-03-13 11:45:06] [1] 1.5
INFO [2019-03-13 11:45:06] 
INFO [2019-03-13 11:45:06] $cex
INFO [2019-03-13 11:45:06] [1] 1
INFO [2019-03-13 11:45:06] 
INFO [2019-03-13 11:45:06] $filename
INFO [2019-03-13 11:45:06] NULL
INFO [2019-03-13 11:45:06] 
