INFO [2019-03-11 16:22:00] [[1]]
INFO [2019-03-11 16:22:00] list(CCLE = unique(na.omit(ccle_auc_long$source_histology)), 
INFO [2019-03-11 16:22:00]     CTRP = unique(na.omit(ctrp_auc_long$source_histology)), GDSC = unique(na.omit(gdsc_auc_long$source_histology)))
INFO [2019-03-11 16:22:00] 
INFO [2019-03-11 16:22:00] $resolution
INFO [2019-03-11 16:22:00] [1] 5000
INFO [2019-03-11 16:22:00] 
INFO [2019-03-11 16:22:00] $main
INFO [2019-03-11 16:22:00] [1] "Overlap of cancer cell line histologies screened in each dataset"
INFO [2019-03-11 16:22:00] 
INFO [2019-03-11 16:22:00] $main.fontface
INFO [2019-03-11 16:22:00] [1] "bold"
INFO [2019-03-11 16:22:00] 
INFO [2019-03-11 16:22:00] $lty
INFO [2019-03-11 16:22:00] rep("blank", 3)
INFO [2019-03-11 16:22:00] 
INFO [2019-03-11 16:22:00] $fill
INFO [2019-03-11 16:22:00] c("springgreen4", "steelblue4", "turquoise4")
INFO [2019-03-11 16:22:00] 
INFO [2019-03-11 16:22:00] $alpha
INFO [2019-03-11 16:22:00] c(0.5, 0.5, 0.5)
INFO [2019-03-11 16:22:00] 
INFO [2019-03-11 16:22:00] $cat.pos
INFO [2019-03-11 16:22:00] c(-30, 30, 180)
INFO [2019-03-11 16:22:00] 
INFO [2019-03-11 16:22:00] $cat.dist
INFO [2019-03-11 16:22:00] c(0.001, 0.001, 0.001)
INFO [2019-03-11 16:22:00] 
INFO [2019-03-11 16:22:00] $cat.cex
INFO [2019-03-11 16:22:00] [1] 1.5
INFO [2019-03-11 16:22:00] 
INFO [2019-03-11 16:22:00] $cex
INFO [2019-03-11 16:22:00] [1] 1
INFO [2019-03-11 16:22:00] 
INFO [2019-03-11 16:22:00] $filename
INFO [2019-03-11 16:22:00] NULL
INFO [2019-03-11 16:22:00] 
