INFO [2019-03-13 11:42:55] [[1]]
INFO [2019-03-13 11:42:55] list(CCLE = unique(na.omit(ccl_info$source_ccl_name)), CTRP = unique(ctrp_auc_long$source_ccl_name), 
INFO [2019-03-13 11:42:55]     GDSC = unique(gdsc_auc_long$source_ccl_name))
INFO [2019-03-13 11:42:55] 
INFO [2019-03-13 11:42:55] $resolution
INFO [2019-03-13 11:42:55] [1] 5000
INFO [2019-03-13 11:42:55] 
INFO [2019-03-13 11:42:55] $main
INFO [2019-03-13 11:42:55] [1] "Overlap of cancer cell lines (CCLs) screened in each dataset"
INFO [2019-03-13 11:42:55] 
INFO [2019-03-13 11:42:55] $main.fontface
INFO [2019-03-13 11:42:55] [1] "bold"
INFO [2019-03-13 11:42:55] 
INFO [2019-03-13 11:42:55] $lty
INFO [2019-03-13 11:42:55] rep("blank", 3)
INFO [2019-03-13 11:42:55] 
INFO [2019-03-13 11:42:55] $fill
INFO [2019-03-13 11:42:55] c("springgreen4", "steelblue4", "turquoise4")
INFO [2019-03-13 11:42:55] 
INFO [2019-03-13 11:42:55] $alpha
INFO [2019-03-13 11:42:55] c(0.5, 0.5, 0.5)
INFO [2019-03-13 11:42:55] 
INFO [2019-03-13 11:42:55] $cat.pos
INFO [2019-03-13 11:42:55] c(-30, 30, 180)
INFO [2019-03-13 11:42:55] 
INFO [2019-03-13 11:42:55] $cat.dist
INFO [2019-03-13 11:42:55] c(0.001, 0.001, 0.001)
INFO [2019-03-13 11:42:55] 
INFO [2019-03-13 11:42:55] $cat.cex
INFO [2019-03-13 11:42:55] [1] 1.5
INFO [2019-03-13 11:42:55] 
INFO [2019-03-13 11:42:55] $cex
INFO [2019-03-13 11:42:55] [1] 1
INFO [2019-03-13 11:42:55] 
INFO [2019-03-13 11:42:55] $filename
INFO [2019-03-13 11:42:55] NULL
INFO [2019-03-13 11:42:55] 
