INFO [2019-03-13 11:44:36] [[1]]
INFO [2019-03-13 11:44:36] list(CCLE = unique(na.omit(ccl_info$source_ccl_name)), CTRP = unique(ctrp_auc_long$source_ccl_name), 
INFO [2019-03-13 11:44:36]     GDSC = unique(gdsc_auc_long$source_ccl_name))
INFO [2019-03-13 11:44:36] 
INFO [2019-03-13 11:44:36] $resolution
INFO [2019-03-13 11:44:36] [1] 5000
INFO [2019-03-13 11:44:36] 
INFO [2019-03-13 11:44:36] $main
INFO [2019-03-13 11:44:36] [1] "Overlap of cancer cell lines (CCLs) screened in each dataset"
INFO [2019-03-13 11:44:36] 
INFO [2019-03-13 11:44:36] $main.fontface
INFO [2019-03-13 11:44:36] [1] "bold"
INFO [2019-03-13 11:44:36] 
INFO [2019-03-13 11:44:36] $lty
INFO [2019-03-13 11:44:36] rep("blank", 3)
INFO [2019-03-13 11:44:36] 
INFO [2019-03-13 11:44:36] $fill
INFO [2019-03-13 11:44:36] c("springgreen4", "steelblue4", "turquoise4")
INFO [2019-03-13 11:44:36] 
INFO [2019-03-13 11:44:36] $alpha
INFO [2019-03-13 11:44:36] c(0.5, 0.5, 0.5)
INFO [2019-03-13 11:44:36] 
INFO [2019-03-13 11:44:36] $cat.pos
INFO [2019-03-13 11:44:36] c(-30, 30, 0)
INFO [2019-03-13 11:44:36] 
INFO [2019-03-13 11:44:36] $cat.dist
INFO [2019-03-13 11:44:36] c(0.001, 0.1, 0.001)
INFO [2019-03-13 11:44:36] 
INFO [2019-03-13 11:44:36] $cat.cex
INFO [2019-03-13 11:44:36] [1] 1.5
INFO [2019-03-13 11:44:36] 
INFO [2019-03-13 11:44:36] $cex
INFO [2019-03-13 11:44:36] [1] 1
INFO [2019-03-13 11:44:36] 
INFO [2019-03-13 11:44:36] $filename
INFO [2019-03-13 11:44:36] NULL
INFO [2019-03-13 11:44:36] 
