INFO [2019-03-11 16:15:41] [[1]]
INFO [2019-03-11 16:15:41] list(CCLE = unique(ccle_auc_long$source_ccl_name), CTRP = unique(ctrp_auc_long$source_ccl_name), 
INFO [2019-03-11 16:15:41]     GDSC = unique(gdsc_auc_long$source_ccl_name))
INFO [2019-03-11 16:15:41] 
INFO [2019-03-11 16:15:41] $resolution
INFO [2019-03-11 16:15:41] [1] 5000
INFO [2019-03-11 16:15:41] 
INFO [2019-03-11 16:15:41] $main
INFO [2019-03-11 16:15:41] [1] "Overlap of cancer cell lines (CCLs) screened in each dataset"
INFO [2019-03-11 16:15:41] 
INFO [2019-03-11 16:15:41] $main.fontface
INFO [2019-03-11 16:15:41] [1] "bold"
INFO [2019-03-11 16:15:41] 
INFO [2019-03-11 16:15:41] $lty
INFO [2019-03-11 16:15:41] rep("blank", 3)
INFO [2019-03-11 16:15:41] 
INFO [2019-03-11 16:15:41] $fill
INFO [2019-03-11 16:15:41] c("springgreen4", "steelblue4", "turquoise4")
INFO [2019-03-11 16:15:41] 
INFO [2019-03-11 16:15:41] $alpha
INFO [2019-03-11 16:15:41] c(0.5, 0.5, 0.5)
INFO [2019-03-11 16:15:41] 
INFO [2019-03-11 16:15:41] $cat.pos
INFO [2019-03-11 16:15:41] c(-30, 30, 180)
INFO [2019-03-11 16:15:41] 
INFO [2019-03-11 16:15:41] $cat.dist
INFO [2019-03-11 16:15:41] c(0.001, 0.001, 0.001)
INFO [2019-03-11 16:15:41] 
INFO [2019-03-11 16:15:41] $cat.cex
INFO [2019-03-11 16:15:41] [1] 1.5
INFO [2019-03-11 16:15:41] 
INFO [2019-03-11 16:15:41] $cex
INFO [2019-03-11 16:15:41] [1] 1
INFO [2019-03-11 16:15:41] 
INFO [2019-03-11 16:15:41] $filename
INFO [2019-03-11 16:15:41] NULL
INFO [2019-03-11 16:15:41] 
INFO [2019-03-11 16:15:41] [[1]]
INFO [2019-03-11 16:15:41] list(CCLE = unique(ccle_auc_long$source_histology), CTRP = unique(ctrp_auc_long$source_histology), 
INFO [2019-03-11 16:15:41]     GDSC = unique(gdsc_auc_long$source_histology))
INFO [2019-03-11 16:15:41] 
INFO [2019-03-11 16:15:41] $resolution
INFO [2019-03-11 16:15:41] [1] 5000
INFO [2019-03-11 16:15:41] 
INFO [2019-03-11 16:15:41] $main
INFO [2019-03-11 16:15:41] [1] "Overlap of cancer cell line histologies screened in each dataset"
INFO [2019-03-11 16:15:41] 
INFO [2019-03-11 16:15:41] $main.fontface
INFO [2019-03-11 16:15:41] [1] "bold"
INFO [2019-03-11 16:15:41] 
INFO [2019-03-11 16:15:41] $lty
INFO [2019-03-11 16:15:41] rep("blank", 3)
INFO [2019-03-11 16:15:41] 
INFO [2019-03-11 16:15:41] $fill
INFO [2019-03-11 16:15:41] c("springgreen4", "steelblue4", "turquoise4")
INFO [2019-03-11 16:15:41] 
INFO [2019-03-11 16:15:41] $alpha
INFO [2019-03-11 16:15:41] c(0.5, 0.5, 0.5)
INFO [2019-03-11 16:15:41] 
INFO [2019-03-11 16:15:41] $cat.pos
INFO [2019-03-11 16:15:41] c(-30, 30, 180)
INFO [2019-03-11 16:15:41] 
INFO [2019-03-11 16:15:41] $cat.dist
INFO [2019-03-11 16:15:41] c(0.001, 0.001, 0.001)
INFO [2019-03-11 16:15:41] 
INFO [2019-03-11 16:15:41] $cat.cex
INFO [2019-03-11 16:15:41] [1] 1.5
INFO [2019-03-11 16:15:41] 
INFO [2019-03-11 16:15:41] $cex
INFO [2019-03-11 16:15:41] [1] 1
INFO [2019-03-11 16:15:41] 
INFO [2019-03-11 16:15:41] $filename
INFO [2019-03-11 16:15:41] NULL
INFO [2019-03-11 16:15:41] 
ERROR [2019-03-11 16:15:41] NAs in dataset
