INFO [2019-03-13 11:43:21] [[1]]
INFO [2019-03-13 11:43:21] list(CCLE = unique(na.omit(ccl_info$source_ccl_name)), CTRP = unique(ctrp_auc_long$source_ccl_name), 
INFO [2019-03-13 11:43:21]     GDSC = unique(gdsc_auc_long$source_ccl_name))
INFO [2019-03-13 11:43:21] 
INFO [2019-03-13 11:43:21] $resolution
INFO [2019-03-13 11:43:21] [1] 5000
INFO [2019-03-13 11:43:21] 
INFO [2019-03-13 11:43:21] $main
INFO [2019-03-13 11:43:21] [1] "Overlap of cancer cell lines (CCLs) screened in each dataset"
INFO [2019-03-13 11:43:21] 
INFO [2019-03-13 11:43:21] $main.fontface
INFO [2019-03-13 11:43:21] [1] "bold"
INFO [2019-03-13 11:43:21] 
INFO [2019-03-13 11:43:21] $lty
INFO [2019-03-13 11:43:21] rep("blank", 3)
INFO [2019-03-13 11:43:21] 
INFO [2019-03-13 11:43:21] $fill
INFO [2019-03-13 11:43:21] c("springgreen4", "steelblue4", "turquoise4")
INFO [2019-03-13 11:43:21] 
INFO [2019-03-13 11:43:21] $alpha
INFO [2019-03-13 11:43:21] c(0.5, 0.5, 0.5)
INFO [2019-03-13 11:43:21] 
INFO [2019-03-13 11:43:21] $cat.pos
INFO [2019-03-13 11:43:21] c(0, 30, 180)
INFO [2019-03-13 11:43:21] 
INFO [2019-03-13 11:43:21] $cat.dist
INFO [2019-03-13 11:43:21] c(0.001, 0.001, 0.001)
INFO [2019-03-13 11:43:21] 
INFO [2019-03-13 11:43:21] $cat.cex
INFO [2019-03-13 11:43:21] [1] 1.5
INFO [2019-03-13 11:43:21] 
INFO [2019-03-13 11:43:21] $cex
INFO [2019-03-13 11:43:21] [1] 1
INFO [2019-03-13 11:43:21] 
INFO [2019-03-13 11:43:21] $filename
INFO [2019-03-13 11:43:21] NULL
INFO [2019-03-13 11:43:21] 
