INFO [2019-03-11 16:19:55] [[1]]
INFO [2019-03-11 16:19:55] list(CCLE = unique(!is.na(ccle_auc_long$compound_name)), CTRP = unique(!is.na(ctrp_auc_long$compound_name)), 
INFO [2019-03-11 16:19:55]     GDSC = unique(!is.na(gdsc_auc_long$compound_name)))
INFO [2019-03-11 16:19:55] 
INFO [2019-03-11 16:19:55] $resolution
INFO [2019-03-11 16:19:55] [1] 5000
INFO [2019-03-11 16:19:55] 
INFO [2019-03-11 16:19:55] $main
INFO [2019-03-11 16:19:55] [1] "Overlap of compounds screened in each dataset"
INFO [2019-03-11 16:19:55] 
INFO [2019-03-11 16:19:55] $main.fontface
INFO [2019-03-11 16:19:55] [1] "bold"
INFO [2019-03-11 16:19:55] 
INFO [2019-03-11 16:19:55] $lty
INFO [2019-03-11 16:19:55] rep("blank", 3)
INFO [2019-03-11 16:19:55] 
INFO [2019-03-11 16:19:55] $fill
INFO [2019-03-11 16:19:55] c("springgreen4", "steelblue4", "turquoise4")
INFO [2019-03-11 16:19:55] 
INFO [2019-03-11 16:19:55] $alpha
INFO [2019-03-11 16:19:55] c(0.5, 0.5, 0.5)
INFO [2019-03-11 16:19:55] 
INFO [2019-03-11 16:19:55] $cat.pos
INFO [2019-03-11 16:19:55] c(-30, 30, 180)
INFO [2019-03-11 16:19:55] 
INFO [2019-03-11 16:19:55] $cat.dist
INFO [2019-03-11 16:19:55] c(0.001, 0.001, 0.001)
INFO [2019-03-11 16:19:55] 
INFO [2019-03-11 16:19:55] $cat.cex
INFO [2019-03-11 16:19:55] [1] 1.5
INFO [2019-03-11 16:19:55] 
INFO [2019-03-11 16:19:55] $cex
INFO [2019-03-11 16:19:55] [1] 1
INFO [2019-03-11 16:19:55] 
INFO [2019-03-11 16:19:55] $filename
INFO [2019-03-11 16:19:55] NULL
INFO [2019-03-11 16:19:55] 
