INFO [2019-03-11 16:10:35] [[1]]
INFO [2019-03-11 16:10:35] list(CCLE = unique(ccle_auc$source_ccl_name), CTRP = unique(ctrp_auc$source_ccl_name), 
INFO [2019-03-11 16:10:35]     GDSC = unique(gdsc_auc$source_ccl_name))
INFO [2019-03-11 16:10:35] 
INFO [2019-03-11 16:10:35] $resolution
INFO [2019-03-11 16:10:35] [1] 5000
INFO [2019-03-11 16:10:35] 
INFO [2019-03-11 16:10:35] $main
INFO [2019-03-11 16:10:35] [1] "B"
INFO [2019-03-11 16:10:35] 
INFO [2019-03-11 16:10:35] $main.pos
INFO [2019-03-11 16:10:35] c(0, 1)
INFO [2019-03-11 16:10:35] 
INFO [2019-03-11 16:10:35] $main.fontface
INFO [2019-03-11 16:10:35] [1] "bold"
INFO [2019-03-11 16:10:35] 
INFO [2019-03-11 16:10:35] $lty
INFO [2019-03-11 16:10:35] rep("blank", 3)
INFO [2019-03-11 16:10:35] 
INFO [2019-03-11 16:10:35] $fill
INFO [2019-03-11 16:10:35] c("springgreen4", "steelblue4", "turquoise4")
INFO [2019-03-11 16:10:35] 
INFO [2019-03-11 16:10:35] $alpha
INFO [2019-03-11 16:10:35] c(0.5, 0.5, 0.5)
INFO [2019-03-11 16:10:35] 
INFO [2019-03-11 16:10:35] $cat.pos
INFO [2019-03-11 16:10:35] c(-30, 30, 180)
INFO [2019-03-11 16:10:35] 
INFO [2019-03-11 16:10:35] $cat.dist
INFO [2019-03-11 16:10:35] c(0.001, 0.001, 0.001)
INFO [2019-03-11 16:10:35] 
INFO [2019-03-11 16:10:35] $cat.cex
INFO [2019-03-11 16:10:35] [1] 1.5
INFO [2019-03-11 16:10:35] 
INFO [2019-03-11 16:10:35] $cex
INFO [2019-03-11 16:10:35] [1] 1
INFO [2019-03-11 16:10:35] 
INFO [2019-03-11 16:10:35] $filename
INFO [2019-03-11 16:10:35] NULL
INFO [2019-03-11 16:10:35] 
