INFO [2019-03-13 12:56:53] [[1]]
INFO [2019-03-13 12:56:53] list(CCLE = unique(na.omit(ccle_auc_long$source_histology)), 
INFO [2019-03-13 12:56:53]     CTRP = unique(na.omit(ctrp_auc_long$source_histology)), GDSC = unique(na.omit(gdsc_auc_long$source_histology)))
INFO [2019-03-13 12:56:53] 
INFO [2019-03-13 12:56:53] $resolution
INFO [2019-03-13 12:56:53] [1] 5000
INFO [2019-03-13 12:56:53] 
INFO [2019-03-13 12:56:53] $main
INFO [2019-03-13 12:56:53] [1] "Overlap of cancer cell line histologies screened in each dataset"
INFO [2019-03-13 12:56:53] 
INFO [2019-03-13 12:56:53] $main.fontface
INFO [2019-03-13 12:56:53] [1] "bold"
INFO [2019-03-13 12:56:53] 
INFO [2019-03-13 12:56:53] $lty
INFO [2019-03-13 12:56:53] rep("blank", 3)
INFO [2019-03-13 12:56:53] 
INFO [2019-03-13 12:56:53] $fill
INFO [2019-03-13 12:56:53] c("springgreen4", "steelblue4", "turquoise4")
INFO [2019-03-13 12:56:53] 
INFO [2019-03-13 12:56:53] $alpha
INFO [2019-03-13 12:56:53] c(0.5, 0.5, 0.5)
INFO [2019-03-13 12:56:53] 
INFO [2019-03-13 12:56:53] $cat.pos
INFO [2019-03-13 12:56:53] c(-30, 30, 0)
INFO [2019-03-13 12:56:53] 
INFO [2019-03-13 12:56:53] $cat.dist
INFO [2019-03-13 12:56:53] c(-0.01, 0.001, 0.001)
INFO [2019-03-13 12:56:53] 
INFO [2019-03-13 12:56:53] $cat.cex
INFO [2019-03-13 12:56:53] [1] 1.5
INFO [2019-03-13 12:56:53] 
INFO [2019-03-13 12:56:53] $cex
INFO [2019-03-13 12:56:53] [1] 1
INFO [2019-03-13 12:56:53] 
INFO [2019-03-13 12:56:53] $filename
INFO [2019-03-13 12:56:53] NULL
INFO [2019-03-13 12:56:53] 
