INFO [2019-03-13 11:44:04] [[1]]
INFO [2019-03-13 11:44:04] list(CCLE = unique(na.omit(ccl_info$source_ccl_name)), CTRP = unique(ctrp_auc_long$source_ccl_name), 
INFO [2019-03-13 11:44:04]     GDSC = unique(gdsc_auc_long$source_ccl_name))
INFO [2019-03-13 11:44:04] 
INFO [2019-03-13 11:44:04] $resolution
INFO [2019-03-13 11:44:04] [1] 5000
INFO [2019-03-13 11:44:04] 
INFO [2019-03-13 11:44:04] $main
INFO [2019-03-13 11:44:04] [1] "Overlap of cancer cell lines (CCLs) screened in each dataset"
INFO [2019-03-13 11:44:04] 
INFO [2019-03-13 11:44:04] $main.fontface
INFO [2019-03-13 11:44:04] [1] "bold"
INFO [2019-03-13 11:44:04] 
INFO [2019-03-13 11:44:04] $lty
INFO [2019-03-13 11:44:04] rep("blank", 3)
INFO [2019-03-13 11:44:04] 
INFO [2019-03-13 11:44:04] $fill
INFO [2019-03-13 11:44:04] c("springgreen4", "steelblue4", "turquoise4")
INFO [2019-03-13 11:44:04] 
INFO [2019-03-13 11:44:04] $alpha
INFO [2019-03-13 11:44:04] c(0.5, 0.5, 0.5)
INFO [2019-03-13 11:44:04] 
INFO [2019-03-13 11:44:04] $cat.pos
INFO [2019-03-13 11:44:04] c(-30, 30, 0)
INFO [2019-03-13 11:44:04] 
INFO [2019-03-13 11:44:04] $cat.dist
INFO [2019-03-13 11:44:04] c(0.001, 0.001, 0.05)
INFO [2019-03-13 11:44:04] 
INFO [2019-03-13 11:44:04] $cat.cex
INFO [2019-03-13 11:44:04] [1] 1.5
INFO [2019-03-13 11:44:04] 
INFO [2019-03-13 11:44:04] $cex
INFO [2019-03-13 11:44:04] [1] 1
INFO [2019-03-13 11:44:04] 
INFO [2019-03-13 11:44:04] $filename
INFO [2019-03-13 11:44:04] NULL
INFO [2019-03-13 11:44:04] 
