INFO [2019-03-11 16:12:05] [[1]]
INFO [2019-03-11 16:12:05] list(CCLE = unique(ccle_auc$source_ccl_name), CTRP = unique(ctrp_auc$source_ccl_name), 
INFO [2019-03-11 16:12:05]     GDSC = unique(gdsc_auc$source_ccl_name))
INFO [2019-03-11 16:12:05] 
INFO [2019-03-11 16:12:05] $resolution
INFO [2019-03-11 16:12:05] [1] 5000
INFO [2019-03-11 16:12:05] 
INFO [2019-03-11 16:12:05] $main
INFO [2019-03-11 16:12:05] [1] "Overlap of cancer cell lines"
INFO [2019-03-11 16:12:05] 
INFO [2019-03-11 16:12:05] $main.fontface
INFO [2019-03-11 16:12:05] [1] "bold"
INFO [2019-03-11 16:12:05] 
INFO [2019-03-11 16:12:05] $lty
INFO [2019-03-11 16:12:05] rep("blank", 3)
INFO [2019-03-11 16:12:05] 
INFO [2019-03-11 16:12:05] $fill
INFO [2019-03-11 16:12:05] c("springgreen4", "steelblue4", "turquoise4")
INFO [2019-03-11 16:12:05] 
INFO [2019-03-11 16:12:05] $alpha
INFO [2019-03-11 16:12:05] c(0.5, 0.5, 0.5)
INFO [2019-03-11 16:12:05] 
INFO [2019-03-11 16:12:05] $cat.pos
INFO [2019-03-11 16:12:05] c(-30, 30, 180)
INFO [2019-03-11 16:12:05] 
INFO [2019-03-11 16:12:05] $cat.dist
INFO [2019-03-11 16:12:05] c(0.001, 0.001, 0.001)
INFO [2019-03-11 16:12:05] 
INFO [2019-03-11 16:12:05] $cat.cex
INFO [2019-03-11 16:12:05] [1] 1.5
INFO [2019-03-11 16:12:05] 
INFO [2019-03-11 16:12:05] $cex
INFO [2019-03-11 16:12:05] [1] 1
INFO [2019-03-11 16:12:05] 
INFO [2019-03-11 16:12:05] $filename
INFO [2019-03-11 16:12:05] NULL
INFO [2019-03-11 16:12:05] 
