INFO [2019-03-13 12:31:54] [[1]]
INFO [2019-03-13 12:31:54] list(CCLE = unique(na.omit(ccle_auc_long$source_histology)), 
INFO [2019-03-13 12:31:54]     CTRP = unique(na.omit(ctrp_auc_long$source_histology)), GDSC = unique(na.omit(gdsc_auc_long$source_histology)))
INFO [2019-03-13 12:31:54] 
INFO [2019-03-13 12:31:54] $resolution
INFO [2019-03-13 12:31:54] [1] 5000
INFO [2019-03-13 12:31:54] 
INFO [2019-03-13 12:31:54] $main
INFO [2019-03-13 12:31:54] [1] "Overlap of cancer cell line histologies screened in each dataset"
INFO [2019-03-13 12:31:54] 
INFO [2019-03-13 12:31:54] $main.fontface
INFO [2019-03-13 12:31:54] [1] "bold"
INFO [2019-03-13 12:31:54] 
INFO [2019-03-13 12:31:54] $lty
INFO [2019-03-13 12:31:54] rep("blank", 3)
INFO [2019-03-13 12:31:54] 
INFO [2019-03-13 12:31:54] $fill
INFO [2019-03-13 12:31:54] c("springgreen4", "steelblue4", "turquoise4")
INFO [2019-03-13 12:31:54] 
INFO [2019-03-13 12:31:54] $alpha
INFO [2019-03-13 12:31:54] c(0.5, 0.5, 0.5)
INFO [2019-03-13 12:31:54] 
INFO [2019-03-13 12:31:54] $cat.pos
INFO [2019-03-13 12:31:54] c(-30, 30, 0)
INFO [2019-03-13 12:31:54] 
INFO [2019-03-13 12:31:54] $cat.dist
INFO [2019-03-13 12:31:54] c(-0.01, 0.001, 0.001)
INFO [2019-03-13 12:31:54] 
INFO [2019-03-13 12:31:54] $cat.cex
INFO [2019-03-13 12:31:54] [1] 1.5
INFO [2019-03-13 12:31:54] 
INFO [2019-03-13 12:31:54] $cex
INFO [2019-03-13 12:31:54] [1] 1
INFO [2019-03-13 12:31:54] 
INFO [2019-03-13 12:31:54] $filename
INFO [2019-03-13 12:31:54] NULL
INFO [2019-03-13 12:31:54] 
