INFO [2019-03-13 12:57:04] [[1]]
INFO [2019-03-13 12:57:04] list(CCLE = unique(na.omit(ccle_auc_long$compound_name)), CTRP = unique(na.omit(ctrp_auc_long$compound_name)), 
INFO [2019-03-13 12:57:04]     GDSC = unique(na.omit(gdsc_auc_long$compound_name)))
INFO [2019-03-13 12:57:04] 
INFO [2019-03-13 12:57:04] $resolution
INFO [2019-03-13 12:57:04] [1] 5000
INFO [2019-03-13 12:57:04] 
INFO [2019-03-13 12:57:04] $main
INFO [2019-03-13 12:57:04] [1] "Overlap of compounds screened in each dataset"
INFO [2019-03-13 12:57:04] 
INFO [2019-03-13 12:57:04] $main.fontface
INFO [2019-03-13 12:57:04] [1] "bold"
INFO [2019-03-13 12:57:04] 
INFO [2019-03-13 12:57:04] $lty
INFO [2019-03-13 12:57:04] rep("blank", 3)
INFO [2019-03-13 12:57:04] 
INFO [2019-03-13 12:57:04] $fill
INFO [2019-03-13 12:57:04] c("springgreen4", "steelblue4", "turquoise4")
INFO [2019-03-13 12:57:04] 
INFO [2019-03-13 12:57:04] $alpha
INFO [2019-03-13 12:57:04] c(0.5, 0.5, 0.5)
INFO [2019-03-13 12:57:04] 
INFO [2019-03-13 12:57:04] $cat.pos
INFO [2019-03-13 12:57:04] c(-30, 30, 180)
INFO [2019-03-13 12:57:04] 
INFO [2019-03-13 12:57:04] $cat.dist
INFO [2019-03-13 12:57:04] c(0.001, 0.001, 0.001)
INFO [2019-03-13 12:57:04] 
INFO [2019-03-13 12:57:04] $cat.cex
INFO [2019-03-13 12:57:04] [1] 1.5
INFO [2019-03-13 12:57:04] 
INFO [2019-03-13 12:57:04] $cex
INFO [2019-03-13 12:57:04] [1] 1
INFO [2019-03-13 12:57:04] 
INFO [2019-03-13 12:57:04] $filename
INFO [2019-03-13 12:57:04] NULL
INFO [2019-03-13 12:57:04] 
