INFO [2019-03-11 16:22:30] [[1]]
INFO [2019-03-11 16:22:30] list(CCLE = unique(ccle_auc_long$source_ccl_name), CTRP = unique(ctrp_auc_long$source_ccl_name), 
INFO [2019-03-11 16:22:30]     GDSC = unique(gdsc_auc_long$source_ccl_name))
INFO [2019-03-11 16:22:30] 
INFO [2019-03-11 16:22:30] $resolution
INFO [2019-03-11 16:22:30] [1] 5000
INFO [2019-03-11 16:22:30] 
INFO [2019-03-11 16:22:30] $main
INFO [2019-03-11 16:22:30] [1] "Overlap of cancer cell lines (CCLs) screened in each dataset"
INFO [2019-03-11 16:22:30] 
INFO [2019-03-11 16:22:30] $main.fontface
INFO [2019-03-11 16:22:30] [1] "bold"
INFO [2019-03-11 16:22:30] 
INFO [2019-03-11 16:22:30] $lty
INFO [2019-03-11 16:22:30] rep("blank", 3)
INFO [2019-03-11 16:22:30] 
INFO [2019-03-11 16:22:30] $fill
INFO [2019-03-11 16:22:30] c("springgreen4", "steelblue4", "turquoise4")
INFO [2019-03-11 16:22:30] 
INFO [2019-03-11 16:22:30] $alpha
INFO [2019-03-11 16:22:30] c(0.5, 0.5, 0.5)
INFO [2019-03-11 16:22:30] 
INFO [2019-03-11 16:22:30] $cat.pos
INFO [2019-03-11 16:22:30] c(-30, 30, 180)
INFO [2019-03-11 16:22:30] 
INFO [2019-03-11 16:22:30] $cat.dist
INFO [2019-03-11 16:22:30] c(0.001, 0.001, 0.001)
INFO [2019-03-11 16:22:30] 
INFO [2019-03-11 16:22:30] $cat.cex
INFO [2019-03-11 16:22:30] [1] 1.5
INFO [2019-03-11 16:22:30] 
INFO [2019-03-11 16:22:30] $cex
INFO [2019-03-11 16:22:30] [1] 1
INFO [2019-03-11 16:22:30] 
INFO [2019-03-11 16:22:30] $filename
INFO [2019-03-11 16:22:30] NULL
INFO [2019-03-11 16:22:30] 
