INFO [2019-03-13 11:41:19] [[1]]
INFO [2019-03-13 11:41:19] list(CCLE = unique(ccl_info$source_ccl_name), CTRP = unique(ctrp_auc_long$source_ccl_name), 
INFO [2019-03-13 11:41:19]     GDSC = unique(gdsc_auc_long$source_ccl_name))
INFO [2019-03-13 11:41:19] 
INFO [2019-03-13 11:41:19] $resolution
INFO [2019-03-13 11:41:19] [1] 5000
INFO [2019-03-13 11:41:19] 
INFO [2019-03-13 11:41:19] $main
INFO [2019-03-13 11:41:19] [1] "Overlap of cancer cell lines (CCLs) screened in each dataset"
INFO [2019-03-13 11:41:19] 
INFO [2019-03-13 11:41:19] $main.fontface
INFO [2019-03-13 11:41:19] [1] "bold"
INFO [2019-03-13 11:41:19] 
INFO [2019-03-13 11:41:19] $lty
INFO [2019-03-13 11:41:19] rep("blank", 3)
INFO [2019-03-13 11:41:19] 
INFO [2019-03-13 11:41:19] $fill
INFO [2019-03-13 11:41:19] c("springgreen4", "steelblue4", "turquoise4")
INFO [2019-03-13 11:41:19] 
INFO [2019-03-13 11:41:19] $alpha
INFO [2019-03-13 11:41:19] c(0.5, 0.5, 0.5)
INFO [2019-03-13 11:41:19] 
INFO [2019-03-13 11:41:19] $cat.pos
INFO [2019-03-13 11:41:19] c(-30, 30, 180)
INFO [2019-03-13 11:41:19] 
INFO [2019-03-13 11:41:19] $cat.dist
INFO [2019-03-13 11:41:19] c(0.001, 0.001, 0.001)
INFO [2019-03-13 11:41:19] 
INFO [2019-03-13 11:41:19] $cat.cex
INFO [2019-03-13 11:41:19] [1] 1.5
INFO [2019-03-13 11:41:19] 
INFO [2019-03-13 11:41:19] $cex
INFO [2019-03-13 11:41:19] [1] 1
INFO [2019-03-13 11:41:19] 
INFO [2019-03-13 11:41:19] $filename
INFO [2019-03-13 11:41:19] NULL
INFO [2019-03-13 11:41:19] 
ERROR [2019-03-13 11:41:19] NAs in dataset
