INFO [2019-03-11 16:12:52] [[1]]
INFO [2019-03-11 16:12:52] list(CCLE = unique(ccle_auc$source_ccl_name), CTRP = unique(ctrp_auc$source_ccl_name), 
INFO [2019-03-11 16:12:52]     GDSC = unique(gdsc_auc$source_ccl_name))
INFO [2019-03-11 16:12:52] 
INFO [2019-03-11 16:12:52] $resolution
INFO [2019-03-11 16:12:52] [1] 5000
INFO [2019-03-11 16:12:52] 
INFO [2019-03-11 16:12:52] $main
INFO [2019-03-11 16:12:52] [1] "Overlap of cancer cell lines (CCLs)"
INFO [2019-03-11 16:12:52] 
INFO [2019-03-11 16:12:52] $main.fontface
INFO [2019-03-11 16:12:52] [1] "bold"
INFO [2019-03-11 16:12:52] 
INFO [2019-03-11 16:12:52] $lty
INFO [2019-03-11 16:12:52] rep("blank", 3)
INFO [2019-03-11 16:12:52] 
INFO [2019-03-11 16:12:52] $fill
INFO [2019-03-11 16:12:52] c("springgreen4", "steelblue4", "turquoise4")
INFO [2019-03-11 16:12:52] 
INFO [2019-03-11 16:12:52] $alpha
INFO [2019-03-11 16:12:52] c(0.5, 0.5, 0.5)
INFO [2019-03-11 16:12:52] 
INFO [2019-03-11 16:12:52] $cat.pos
INFO [2019-03-11 16:12:52] c(-30, 30, 180)
INFO [2019-03-11 16:12:52] 
INFO [2019-03-11 16:12:52] $cat.dist
INFO [2019-03-11 16:12:52] c(0.001, 0.001, 0.001)
INFO [2019-03-11 16:12:52] 
INFO [2019-03-11 16:12:52] $cat.cex
INFO [2019-03-11 16:12:52] [1] 1.5
INFO [2019-03-11 16:12:52] 
INFO [2019-03-11 16:12:52] $cex
INFO [2019-03-11 16:12:52] [1] 1
INFO [2019-03-11 16:12:52] 
INFO [2019-03-11 16:12:52] $filename
INFO [2019-03-11 16:12:52] NULL
INFO [2019-03-11 16:12:52] 
