INFO [2019-03-13 12:14:01] [[1]]
INFO [2019-03-13 12:14:01] list(CCLE = unique(na.omit(ccle_auc_long$source_histology)), 
INFO [2019-03-13 12:14:01]     CTRP = unique(na.omit(ctrp_auc_long$source_histology)), GDSC = unique(na.omit(gdsc_auc_long$source_histology)))
INFO [2019-03-13 12:14:01] 
INFO [2019-03-13 12:14:01] $resolution
INFO [2019-03-13 12:14:01] [1] 5000
INFO [2019-03-13 12:14:01] 
INFO [2019-03-13 12:14:01] $main
INFO [2019-03-13 12:14:01] [1] "Overlap of cancer cell line histologies screened in each dataset"
INFO [2019-03-13 12:14:01] 
INFO [2019-03-13 12:14:01] $main.fontface
INFO [2019-03-13 12:14:01] [1] "bold"
INFO [2019-03-13 12:14:01] 
INFO [2019-03-13 12:14:01] $lty
INFO [2019-03-13 12:14:01] rep("blank", 3)
INFO [2019-03-13 12:14:01] 
INFO [2019-03-13 12:14:01] $fill
INFO [2019-03-13 12:14:01] c("springgreen4", "steelblue4", "turquoise4")
INFO [2019-03-13 12:14:01] 
INFO [2019-03-13 12:14:01] $alpha
INFO [2019-03-13 12:14:01] c(0.5, 0.5, 0.5)
INFO [2019-03-13 12:14:01] 
INFO [2019-03-13 12:14:01] $cat.pos
INFO [2019-03-13 12:14:01] c(-30, 30, 180)
INFO [2019-03-13 12:14:01] 
INFO [2019-03-13 12:14:01] $cat.dist
INFO [2019-03-13 12:14:01] c(0.001, 0.001, 0.001)
INFO [2019-03-13 12:14:01] 
INFO [2019-03-13 12:14:01] $cat.cex
INFO [2019-03-13 12:14:01] [1] 1.5
INFO [2019-03-13 12:14:01] 
INFO [2019-03-13 12:14:01] $cex
INFO [2019-03-13 12:14:01] [1] 1
INFO [2019-03-13 12:14:01] 
INFO [2019-03-13 12:14:01] $filename
INFO [2019-03-13 12:14:01] NULL
INFO [2019-03-13 12:14:01] 
