INFO [2019-03-11 16:18:28] [[1]]
INFO [2019-03-11 16:18:28] list(CCLE = unique(ccle_auc_long$source_ccl_name), CTRP = unique(ctrp_auc_long$source_ccl_name), 
INFO [2019-03-11 16:18:28]     GDSC = unique(gdsc_auc_long$source_ccl_name))
INFO [2019-03-11 16:18:28] 
INFO [2019-03-11 16:18:28] $resolution
INFO [2019-03-11 16:18:28] [1] 5000
INFO [2019-03-11 16:18:28] 
INFO [2019-03-11 16:18:28] $main
INFO [2019-03-11 16:18:28] [1] "Overlap of cancer cell lines (CCLs) screened in each dataset"
INFO [2019-03-11 16:18:28] 
INFO [2019-03-11 16:18:28] $main.fontface
INFO [2019-03-11 16:18:28] [1] "bold"
INFO [2019-03-11 16:18:28] 
INFO [2019-03-11 16:18:28] $lty
INFO [2019-03-11 16:18:28] rep("blank", 3)
INFO [2019-03-11 16:18:28] 
INFO [2019-03-11 16:18:28] $fill
INFO [2019-03-11 16:18:28] c("springgreen4", "steelblue4", "turquoise4")
INFO [2019-03-11 16:18:28] 
INFO [2019-03-11 16:18:28] $alpha
INFO [2019-03-11 16:18:28] c(0.5, 0.5, 0.5)
INFO [2019-03-11 16:18:28] 
INFO [2019-03-11 16:18:28] $cat.pos
INFO [2019-03-11 16:18:28] c(-30, 30, 180)
INFO [2019-03-11 16:18:28] 
INFO [2019-03-11 16:18:28] $cat.dist
INFO [2019-03-11 16:18:28] c(0.001, 0.001, 0.001)
INFO [2019-03-11 16:18:28] 
INFO [2019-03-11 16:18:28] $cat.cex
INFO [2019-03-11 16:18:28] [1] 1.5
INFO [2019-03-11 16:18:28] 
INFO [2019-03-11 16:18:28] $cex
INFO [2019-03-11 16:18:28] [1] 1
INFO [2019-03-11 16:18:28] 
INFO [2019-03-11 16:18:28] $filename
INFO [2019-03-11 16:18:28] NULL
INFO [2019-03-11 16:18:28] 
