INFO [2019-03-13 11:44:46] [[1]]
INFO [2019-03-13 11:44:46] list(CCLE = unique(na.omit(ccl_info$source_ccl_name)), CTRP = unique(ctrp_auc_long$source_ccl_name), 
INFO [2019-03-13 11:44:46]     GDSC = unique(gdsc_auc_long$source_ccl_name))
INFO [2019-03-13 11:44:46] 
INFO [2019-03-13 11:44:46] $resolution
INFO [2019-03-13 11:44:46] [1] 5000
INFO [2019-03-13 11:44:46] 
INFO [2019-03-13 11:44:46] $main
INFO [2019-03-13 11:44:46] [1] "Overlap of cancer cell lines (CCLs) screened in each dataset"
INFO [2019-03-13 11:44:46] 
INFO [2019-03-13 11:44:46] $main.fontface
INFO [2019-03-13 11:44:46] [1] "bold"
INFO [2019-03-13 11:44:46] 
INFO [2019-03-13 11:44:46] $lty
INFO [2019-03-13 11:44:46] rep("blank", 3)
INFO [2019-03-13 11:44:46] 
INFO [2019-03-13 11:44:46] $fill
INFO [2019-03-13 11:44:46] c("springgreen4", "steelblue4", "turquoise4")
INFO [2019-03-13 11:44:46] 
INFO [2019-03-13 11:44:46] $alpha
INFO [2019-03-13 11:44:46] c(0.5, 0.5, 0.5)
INFO [2019-03-13 11:44:46] 
INFO [2019-03-13 11:44:46] $cat.pos
INFO [2019-03-13 11:44:46] c(-30, 30, 0)
INFO [2019-03-13 11:44:46] 
INFO [2019-03-13 11:44:46] $cat.dist
INFO [2019-03-13 11:44:46] c(0.01, 0.001, 0.001)
INFO [2019-03-13 11:44:46] 
INFO [2019-03-13 11:44:46] $cat.cex
INFO [2019-03-13 11:44:46] [1] 1.5
INFO [2019-03-13 11:44:46] 
INFO [2019-03-13 11:44:46] $cex
INFO [2019-03-13 11:44:46] [1] 1
INFO [2019-03-13 11:44:46] 
INFO [2019-03-13 11:44:46] $filename
INFO [2019-03-13 11:44:46] NULL
INFO [2019-03-13 11:44:46] 
