INFO [2019-03-13 11:44:25] [[1]]
INFO [2019-03-13 11:44:25] list(CCLE = unique(na.omit(ccl_info$source_ccl_name)), CTRP = unique(ctrp_auc_long$source_ccl_name), 
INFO [2019-03-13 11:44:25]     GDSC = unique(gdsc_auc_long$source_ccl_name))
INFO [2019-03-13 11:44:25] 
INFO [2019-03-13 11:44:25] $resolution
INFO [2019-03-13 11:44:25] [1] 5000
INFO [2019-03-13 11:44:25] 
INFO [2019-03-13 11:44:25] $main
INFO [2019-03-13 11:44:25] [1] "Overlap of cancer cell lines (CCLs) screened in each dataset"
INFO [2019-03-13 11:44:25] 
INFO [2019-03-13 11:44:25] $main.fontface
INFO [2019-03-13 11:44:25] [1] "bold"
INFO [2019-03-13 11:44:25] 
INFO [2019-03-13 11:44:25] $lty
INFO [2019-03-13 11:44:25] rep("blank", 3)
INFO [2019-03-13 11:44:25] 
INFO [2019-03-13 11:44:25] $fill
INFO [2019-03-13 11:44:25] c("springgreen4", "steelblue4", "turquoise4")
INFO [2019-03-13 11:44:25] 
INFO [2019-03-13 11:44:25] $alpha
INFO [2019-03-13 11:44:25] c(0.5, 0.5, 0.5)
INFO [2019-03-13 11:44:25] 
INFO [2019-03-13 11:44:25] $cat.pos
INFO [2019-03-13 11:44:25] c(-30, 30, 0)
INFO [2019-03-13 11:44:25] 
INFO [2019-03-13 11:44:25] $cat.dist
INFO [2019-03-13 11:44:25] c(0.001, 0.01, 0.001)
INFO [2019-03-13 11:44:25] 
INFO [2019-03-13 11:44:25] $cat.cex
INFO [2019-03-13 11:44:25] [1] 1.5
INFO [2019-03-13 11:44:25] 
INFO [2019-03-13 11:44:25] $cex
INFO [2019-03-13 11:44:25] [1] 1
INFO [2019-03-13 11:44:25] 
INFO [2019-03-13 11:44:25] $filename
INFO [2019-03-13 11:44:25] NULL
INFO [2019-03-13 11:44:25] 
