INFO [2019-03-11 16:12:04] [[1]]
INFO [2019-03-11 16:12:04] list(CCLE = unique(ccle_auc$source_ccl_name), CTRP = unique(ctrp_auc$source_ccl_name), 
INFO [2019-03-11 16:12:04]     GDSC = unique(gdsc_auc$source_ccl_name))
INFO [2019-03-11 16:12:04] 
INFO [2019-03-11 16:12:04] $resolution
INFO [2019-03-11 16:12:04] [1] 5000
INFO [2019-03-11 16:12:04] 
INFO [2019-03-11 16:12:04] $main
INFO [2019-03-11 16:12:04] [1] "Overlap of cancer cell lines"
INFO [2019-03-11 16:12:04] 
INFO [2019-03-11 16:12:04] $main.fontface
INFO [2019-03-11 16:12:04] [1] "bold"
INFO [2019-03-11 16:12:04] 
INFO [2019-03-11 16:12:04] $lty
INFO [2019-03-11 16:12:04] rep("blank", 3)
INFO [2019-03-11 16:12:04] 
INFO [2019-03-11 16:12:04] $fill
INFO [2019-03-11 16:12:04] c("springgreen4", "steelblue4", "turquoise4")
INFO [2019-03-11 16:12:04] 
INFO [2019-03-11 16:12:04] $alpha
INFO [2019-03-11 16:12:04] c(0.5, 0.5, 0.5)
INFO [2019-03-11 16:12:04] 
INFO [2019-03-11 16:12:04] $cat.pos
INFO [2019-03-11 16:12:04] c(-30, 30, 180)
INFO [2019-03-11 16:12:04] 
INFO [2019-03-11 16:12:04] $cat.dist
INFO [2019-03-11 16:12:04] c(0.001, 0.001, 0.001)
INFO [2019-03-11 16:12:04] 
INFO [2019-03-11 16:12:04] $cat.cex
INFO [2019-03-11 16:12:04] [1] 1.5
INFO [2019-03-11 16:12:04] 
INFO [2019-03-11 16:12:04] $cex
INFO [2019-03-11 16:12:04] [1] 1
INFO [2019-03-11 16:12:04] 
INFO [2019-03-11 16:12:04] $filename
INFO [2019-03-11 16:12:04] NULL
INFO [2019-03-11 16:12:04] 
