INFO [2019-03-11 16:11:51] [[1]]
INFO [2019-03-11 16:11:51] list(CCLE = unique(ccle_auc$source_ccl_name), CTRP = unique(ctrp_auc$source_ccl_name), 
INFO [2019-03-11 16:11:51]     GDSC = unique(gdsc_auc$source_ccl_name))
INFO [2019-03-11 16:11:51] 
INFO [2019-03-11 16:11:51] $resolution
INFO [2019-03-11 16:11:51] [1] 5000
INFO [2019-03-11 16:11:51] 
INFO [2019-03-11 16:11:51] $main
INFO [2019-03-11 16:11:51] [1] "Overlap of cancer cell lines"
INFO [2019-03-11 16:11:51] 
INFO [2019-03-11 16:11:51] $main.pos
INFO [2019-03-11 16:11:51] c(0, 1)
INFO [2019-03-11 16:11:51] 
INFO [2019-03-11 16:11:51] $main.fontface
INFO [2019-03-11 16:11:51] [1] "bold"
INFO [2019-03-11 16:11:51] 
INFO [2019-03-11 16:11:51] $lty
INFO [2019-03-11 16:11:51] rep("blank", 3)
INFO [2019-03-11 16:11:51] 
INFO [2019-03-11 16:11:51] $fill
INFO [2019-03-11 16:11:51] c("springgreen4", "steelblue4", "turquoise4")
INFO [2019-03-11 16:11:51] 
INFO [2019-03-11 16:11:51] $alpha
INFO [2019-03-11 16:11:51] c(0.5, 0.5, 0.5)
INFO [2019-03-11 16:11:51] 
INFO [2019-03-11 16:11:51] $cat.pos
INFO [2019-03-11 16:11:51] c(-30, 30, 180)
INFO [2019-03-11 16:11:51] 
INFO [2019-03-11 16:11:51] $cat.dist
INFO [2019-03-11 16:11:51] c(0.001, 0.001, 0.001)
INFO [2019-03-11 16:11:51] 
INFO [2019-03-11 16:11:51] $cat.cex
INFO [2019-03-11 16:11:51] [1] 1.5
INFO [2019-03-11 16:11:51] 
INFO [2019-03-11 16:11:51] $cex
INFO [2019-03-11 16:11:51] [1] 1
INFO [2019-03-11 16:11:51] 
INFO [2019-03-11 16:11:51] $filename
INFO [2019-03-11 16:11:51] NULL
INFO [2019-03-11 16:11:51] 
